<?xml version="1.0" encoding="UTF-8"?>
<!-- Generated by org.testng.reporters.JUnitReportReporter -->
<testsuite hostname="LAPTOP-5OTOV0TJ" failures="0" tests="3" name="com.reportsgenerate.Testclass2" time="0.004" errors="0" timestamp="2022-12-27T20:27:09 IST" skipped="0">
  <testcase classname="com.reportsgenerate.Testclass2" name="tc4" time="0.001"/>
  <system-out/>
  <testcase classname="com.reportsgenerate.Testclass2" name="tc5" time="0.001"/>
  <system-out/>
  <testcase classname="com.reportsgenerate.Testclass2" name="tc6" time="0.002"/>
  <system-out/>
</testsuite> <!-- com.reportsgenerate.Testclass2 -->
